\BOOKMARK [0][-]{chapter.1}{\376\377\000S\000i\000s\000t\000e\000m\000a\000s\000\040\000d\000e\000\040\000r\000a\000d\000i\000o}{}% 1
\BOOKMARK [1][-]{section.1.1}{\376\377\000E\000j\000e\000m\000p\000l\000o\000\040\000d\000e\000\040\000v\000a\000l\000o\000r\000e\000s\000\040\000t\000i\000p\000i\000c\000o\000s\000\040\000d\000e\000\040\000B\000L\000U\000\040\000y\000\040\000S\000T\000M}{chapter.1}% 2
\BOOKMARK [1][-]{section.1.2}{\376\377\000E\000n\000l\000a\000c\000e\000\040\000d\000e\000\040\000r\000a\000d\000i\000o\000c\000o\000m\000u\000n\000i\000c\000a\000c\000i\000o\000n\000e\000s}{chapter.1}% 3
\BOOKMARK [1][-]{section.1.3}{\376\377\000C\000u\000a\000l\000i\000d\000a\000d\000e\000s\000\040\000d\000e\000\040\000u\000n\000\040\000r\000e\000c\000e\000p\000t\000o\000r\000:}{chapter.1}% 4
\BOOKMARK [2][-]{subsection.1.3.1}{\376\377\000S\000e\000n\000s\000i\000b\000i\000l\000i\000d\000a\000d\000:}{section.1.3}% 5
\BOOKMARK [2][-]{subsection.1.3.2}{\376\377\000S\000e\000l\000e\000c\000t\000i\000v\000i\000d\000a\000d\000:}{section.1.3}% 6
\BOOKMARK [2][-]{subsection.1.3.3}{\376\377\000L\000i\000n\000e\000a\000l\000i\000d\000a\000d}{section.1.3}% 7
\BOOKMARK [0][-]{chapter.2}{\376\377\000R\000e\000c\000e\000p\000t\000o\000r\000e\000s\000\040\000d\000e\000\040\000r\000a\000d\000i\000o\000f\000r\000e\000c\000u\000e\000n\000c\000i\000a}{}% 8
\BOOKMARK [1][-]{section.2.1}{\376\377\000H\000i\000s\000t\000o\000r\000i\000a\000\040\000d\000e\000\040\000l\000o\000s\000\040\000r\000e\000c\000e\000p\000t\000o\000r\000e\000s\000\040\000d\000e\000\040\000r\000a\000d\000i\000o}{chapter.2}% 9
\BOOKMARK [2][-]{subsection.2.1.1}{\376\377\000A\000m\000p\000l\000i\000f\000i\000c\000a\000d\000o\000r\000e\000s\000\040\000s\000i\000n\000t\000o\000n\000i\000z\000a\000d\000o\000s}{section.2.1}% 10
\BOOKMARK [2][-]{subsection.2.1.2}{\376\377\000E\000l\000\040\000n\000e\000u\000t\000r\000o\000d\000i\000n\000o}{section.2.1}% 11
\BOOKMARK [2][-]{subsection.2.1.3}{\376\377\000R\000e\000c\000e\000p\000t\000o\000r\000e\000s\000\040\000d\000e\000\040\000r\000a\000d\000i\000o\000f\000r\000e\000c\000u\000e\000n\000c\000i\000a\000s\000\040\000s\000i\000n\000t\000o\000n\000i\000z\000a\000d\000o\000s\000\040\000c\000o\000n\000\040\000p\000e\000n\000t\000o\000d\000o\000s}{section.2.1}% 12
\BOOKMARK [0][-]{chapter.3}{\376\377\000R\000e\000c\000e\000p\000t\000o\000r\000\040\000H\000o\000m\000o\000d\000i\000n\000o}{}% 13
\BOOKMARK [1][-]{section.3.1}{\376\377\000E\000j\000e\000m\000p\000l\000o\000:\000\040\000R\000e\000c\000e\000p\000t\000o\000r\000\040\000d\000e\000\040\000b\000a\000n\000d\000a\000\040\000l\000a\000t\000e\000r\000a\000l\000\040\000u\000n\000i\000c\000a\000\040\000\050\000S\000S\000B\000,\000\040\000S\000i\000n\000g\000l\000e\000\040\000S\000i\000d\000e\000\040\000B\000a\000n\000d\000\051}{chapter.3}% 14
\BOOKMARK [1][-]{section.3.2}{\376\377\000R\000e\000c\000e\000p\000t\000o\000r\000\040\000R\000e\000g\000e\000n\000e\000r\000a\000t\000i\000v\000o\000\040\0004\0003\0003\000M\000H\000z}{chapter.3}% 15
\BOOKMARK [0][-]{chapter.4}{\376\377\000R\000e\000c\000e\000p\000t\000o\000r\000\040\000H\000e\000t\000e\000r\000o\000d\000i\000n\000o}{}% 16
\BOOKMARK [1][-]{section.4.1}{\376\377\000S\000u\000p\000e\000r\000-\000h\000e\000t\000e\000r\000o\000d\000i\000n\000o}{chapter.4}% 17
\BOOKMARK [1][-]{section.4.2}{\376\377\000S\000u\000p\000e\000r\000-\000h\000e\000t\000e\000r\000o\000d\000i\000n\000o\000\040\000d\000e\000\040\000s\000i\000m\000p\000l\000e\000\040\000c\000o\000n\000v\000e\000r\000s\000i\000\363\000n\000.}{chapter.4}% 18
\BOOKMARK [2][-]{subsection.4.2.1}{\376\377\000E\000j\000e\000m\000p\000l\000o\000\040\000p\000r\000a\000c\000t\000i\000c\000o\000\040\000:\000\040\000R\000e\000c\000e\000p\000t\000o\000r\000\040\000d\000e\000\040\000r\000a\000d\000i\000o\000d\000i\000f\000u\000s\000i\000\363\000n\000\040\000A\000M\000.}{section.4.2}% 19
\BOOKMARK [2][-]{subsection.4.2.2}{\376\377\000S\000e\000n\000s\000i\000b\000i\000l\000i\000d\000a\000d\000\040\000d\000e\000l\000\040\000r\000e\000c\000e\000p\000t\000o\000r}{section.4.2}% 20
\BOOKMARK [2][-]{subsection.4.2.3}{\376\377\000E\000j\000e\000m\000p\000l\000o\000\040\000d\000e\000\040\000r\000e\000c\000e\000p\000t\000o\000r\000\040\000d\000e\000\040\000c\000o\000n\000v\000e\000r\000s\000i\000\363\000n\000\040\000s\000i\000m\000p\000l\000e}{section.4.2}% 21
\BOOKMARK [1][-]{section.4.3}{\376\377\000S\000u\000p\000e\000r\000-\000h\000e\000t\000e\000r\000o\000d\000i\000n\000o\000\040\000d\000e\000\040\000d\000o\000b\000l\000e\000\040\000c\000o\000n\000v\000e\000r\000s\000i\000\363\000n\000.}{chapter.4}% 22
\BOOKMARK [2][-]{subsection.4.3.1}{\376\377\000P\000r\000i\000m\000e\000r\000\040\000o\000s\000c\000i\000l\000a\000d\000o\000r\000\040\000v\000a\000r\000i\000a\000b\000l\000e\000\040\000y\000\040\000p\000r\000i\000m\000e\000r\000a\000\040\000I\000F\000\040\000c\000o\000n\000s\000t\000a\000n\000t\000e}{section.4.3}% 23
\BOOKMARK [2][-]{subsection.4.3.2}{\376\377\000P\000r\000i\000m\000e\000r\000\040\000o\000s\000c\000i\000l\000a\000d\000o\000r\000\040\000c\000o\000n\000s\000t\000a\000n\000t\000e\000\040\000y\000\040\000p\000r\000i\000m\000e\000r\000a\000\040\000I\000F\000\040\000v\000a\000r\000i\000a\000b\000l\000e\000:}{section.4.3}% 24
\BOOKMARK [2][-]{subsection.4.3.3}{\376\377\000R\000e\000c\000e\000p\000t\000o\000r\000\040\000d\000e\000\040\000r\000a\000d\000i\000o\000a\000f\000i\000c\000i\000o\000n\000a\000d\000o\000\040\000d\000e\000\040\000l\000a\000\040\000b\000a\000n\000d\000a\000\040\000d\000e\000\040\0002\000\040\000m\000\040\000\050\000V\000H\000F\000,\000\040\000m\000o\000d\000u\000l\000a\000c\000i\000\363\000n\000\040\000e\000n\000\040\000F\000M\000\040\000d\000e\000\040\000b\000a\000n\000d\000a\000\040\000e\000s\000t\000r\000e\000c\000h\000a\000\051\000:}{section.4.3}% 25
\BOOKMARK [0][-]{chapter.5}{\376\377\000G\000a\000n\000a\000n\000c\000i\000a\000\040\000d\000e\000\040\000p\000o\000t\000e\000n\000c\000i\000a\000\040\000y\000\040\000d\000e\000f\000i\000n\000i\000c\000i\000o\000n\000e\000s}{}% 26
\BOOKMARK [1][-]{section.5.1}{\376\377\000P\000o\000t\000e\000n\000c\000i\000a\000\040\000e\000n\000\040\000d\000B\000m}{chapter.5}% 27
\BOOKMARK [1][-]{section.5.2}{\376\377\000P\000o\000t\000e\000n\000c\000i\000a\000\040\000e\000n\000\040\000u\000n\000\040\000c\000u\000a\000d\000r\000i\000p\000o\000l\000o}{chapter.5}% 28
\BOOKMARK [2][-]{subsection.5.2.1}{\376\377\000G\000a\000n\000a\000n\000c\000i\000a\000\040\000d\000e\000\040\000P\000o\000t\000e\000n\000c\000i\000a}{section.5.2}% 29
\BOOKMARK [2][-]{subsection.5.2.2}{\376\377\000G\000a\000n\000a\000n\000c\000i\000a\000\040\000d\000e\000\040\000t\000r\000a\000s\000d\000u\000c\000c\000i\000\363\000n}{section.5.2}% 30
\BOOKMARK [0][-]{chapter.6}{\376\377\000T\000\351\000c\000n\000i\000c\000a\000s\000\040\000d\000e\000\040\000a\000d\000a\000p\000t\000a\000c\000i\000\363\000n}{}% 31
\BOOKMARK [1][-]{section.6.1}{\376\377\000C\000i\000r\000c\000u\000i\000t\000o\000s\000\040\000r\000e\000s\000o\000n\000a\000n\000t\000e\000s\000.}{chapter.6}% 32
\BOOKMARK [2][-]{subsection.6.1.1}{\376\377\000F\000a\000c\000t\000o\000r\000\040\000d\000e\000\040\000s\000e\000l\000e\000c\000t\000i\000d\000a\000d\000\040\000Q}{section.6.1}% 33
\BOOKMARK [2][-]{subsection.6.1.2}{\376\377\000C\000i\000r\000c\000u\000i\000t\000o\000\040\000r\000e\000s\000o\000n\000a\000n\000t\000e\000\040\000R\000L\000C\000\040\000p\000a\000r\000a\000l\000e\000l\000o\000.}{section.6.1}% 34
\BOOKMARK [2][-]{subsection.6.1.3}{\376\377\000Q\000o\000\040\000\050\000Q\000\040\000l\000i\000b\000r\000e\000\051\000\040\000e\000n\000\040\000i\000n\000d\000u\000c\000t\000o\000r\000e\000s\000\040\000y\000\040\000c\000a\000p\000a\000c\000i\000t\000o\000r\000e\000s}{section.6.1}% 35
\BOOKMARK [2][-]{subsection.6.1.4}{\376\377\000Q\000c\000\040\000\050\000Q\000\040\000c\000a\000r\000g\000a\000d\000o\000\051\000\040\000e\000n\000\040\000c\000i\000r\000c\000u\000i\000t\000o\000s\000\040\000R\000L\000C\000\040\000p\000a\000r\000a\000l\000e\000l\000o\000s\000.}{section.6.1}% 36
\BOOKMARK [2][-]{subsection.6.1.5}{\376\377\000C\000i\000r\000c\000u\000i\000t\000o\000\040\000R\000L\000C\000\040\000s\000e\000r\000i\000e\000.}{section.6.1}% 37
\BOOKMARK [0][-]{chapter.7}{\376\377\000C\000o\000n\000v\000e\000r\000s\000i\000\363\000n\000\040\000s\000e\000r\000i\000e\000\040\000a\000\040\000p\000a\000r\000a\000l\000e\000l\000o}{}% 38
\BOOKMARK [1][-]{section.7.1}{\376\377\000E\000j\000e\000m\000p\000l\000o\000\040\000c\000o\000n\000v\000e\000r\000s\000i\000\363\000n\000\040\000s\000e\000r\000i\000e\000\040\000a\000\040\000p\000a\000r\000a\000l\000e\000l\000o}{chapter.7}% 39
\BOOKMARK [0][-]{chapter.8}{\376\377\000M\000\341\000x\000i\000m\000a\000\040\000t\000r\000a\000n\000s\000f\000e\000r\000e\000n\000c\000i\000a\000\040\000d\000e\000\040\000e\000n\000e\000r\000g\000\355\000a\000\040\000a\000\040\000Q\000\040\000c\000o\000n\000s\000t\000a\000n\000t\000e\000.}{}% 40
\BOOKMARK [1][-]{section.8.1}{\376\377\000E\000j\000e\000m\000p\000l\000o}{chapter.8}% 41
\BOOKMARK [0][-]{chapter.9}{\376\377\000R\000e\000d\000e\000s\000\040\000d\000e\000\040\000a\000d\000a\000p\000t\000a\000c\000i\000\363\000n\000,\000\040\000c\000i\000r\000c\000u\000i\000t\000o\000s\000\040\000r\000e\000s\000o\000n\000a\000n\000t\000e\000s\000\040\000c\000o\000n\000\040\000d\000e\000r\000i\000v\000a\000c\000i\000\363\000n\000.}{}% 42
\BOOKMARK [1][-]{section.9.1}{\376\377\000E\000l\000\040\000a\000d\000a\000p\000t\000a\000d\000o\000r\000\040\000t\000i\000p\000o\000\040\040\034\000L\040\035}{chapter.9}% 43
\BOOKMARK [1][-]{section.9.2}{\376\377\000A\000d\000a\000p\000t\000a\000d\000o\000r\000\040\000c\000o\000n\000\040\000e\000l\000e\000m\000e\000n\000t\000o\000s\000\040\000d\000e\000\040\000c\000o\000n\000s\000t\000a\000n\000t\000e\000s\000\040\000c\000o\000n\000c\000e\000n\000t\000r\000a\000d\000a\000s\000.}{chapter.9}% 44
\BOOKMARK [2][-]{subsection.9.2.1}{\376\377\000E\000j\000e\000m\000p\000l\000o\000\040\000a\000d\000a\000p\000t\000a\000d\000o\000r\000\040\000t\000i\000p\000o\000\040\000L\000,\000\040\000a\000d\000a\000p\000t\000a\000d\000o\000r\000\040\000p\000a\000r\000a\000\040\000a\000n\000t\000e\000n\000a\000\040\000d\000e\000\040\0001\0001\000m\000.}{section.9.2}% 45
\BOOKMARK [1][-]{section.9.3}{\376\377\000T\000r\000a\000n\000s\000f\000o\000r\000m\000a\000d\000o\000r}{chapter.9}% 46
\BOOKMARK [2][-]{subsection.9.3.1}{\376\377\000T\000r\000a\000n\000s\000f\000o\000r\000m\000a\000d\000o\000r\000e\000s\000\040\000d\000e\000\040\000R\000F}{section.9.3}% 47
\BOOKMARK [1][-]{section.9.4}{\376\377\000D\000i\000v\000i\000s\000o\000r\000\040\000c\000a\000p\000a\000c\000i\000t\000i\000v\000o}{chapter.9}% 48
\BOOKMARK [2][-]{subsection.9.4.1}{\376\377\000D\000i\000v\000i\000s\000o\000r\000\040\000c\000a\000p\000a\000c\000i\000t\000i\000v\000o\000\040\000c\000o\000m\000o\000\040\000a\000u\000t\000o\000t\000r\000a\000n\000s\000f\000o\000r\000m\000a\000d\000o\000r}{section.9.4}% 49
\BOOKMARK [2][-]{subsection.9.4.2}{\376\377\000P\000r\000o\000c\000e\000d\000i\000m\000i\000e\000n\000t\000o\000\040\000d\000e\000\040\000c\000a\000l\000c\000u\000l\000o}{section.9.4}% 50
\BOOKMARK [1][-]{section.9.5}{\376\377\000F\000i\000l\000t\000r\000o\000\040\000P\000I}{chapter.9}% 51
\BOOKMARK [2][-]{subsection.9.5.1}{\376\377\000E\000j\000e\000m\000p\000l\000o\000\040\000f\000i\000l\000t\000r\000o\000\040\000P\000I}{section.9.5}% 52
\BOOKMARK [0][-]{chapter.10}{\376\377\000A\000m\000p\000l\000i\000f\000i\000c\000a\000d\000o\000r\000\040\000g\000e\000n\000e\000r\000i\000c\000o}{}% 53
\BOOKMARK [1][-]{section.10.1}{\376\377\000C\000o\000n\000s\000i\000d\000e\000r\000a\000n\000c\000i\000o\000n\000e\000s\000\040\000g\000e\000n\000e\000r\000a\000l\000e\000s\000\040\000d\000e\000\040\000d\000i\000s\000e\000\361\000o}{chapter.10}% 54
\BOOKMARK [1][-]{section.10.2}{\376\377\000P\000a\000r\000a\000m\000e\000t\000r\000o\000\040\000a\000d\000m\000i\000t\000a\000n\000c\000i\000a}{chapter.10}% 55
\BOOKMARK [2][-]{subsection.10.2.1}{\376\377\000A\000d\000m\000i\000n\000t\000a\000c\000i\000a\000\040\000d\000e\000\040\000e\000n\000t\000r\000a\000d\000a}{section.10.2}% 56
\BOOKMARK [2][-]{subsection.10.2.2}{\376\377\000A\000d\000m\000i\000n\000t\000a\000c\000i\000a\000\040\000d\000e\000\040\000s\000a\000l\000i\000d\000a}{section.10.2}% 57
\BOOKMARK [2][-]{subsection.10.2.3}{\376\377\000M\000o\000d\000e\000l\000o\000s\000\040\000e\000q\000u\000i\000v\000a\000l\000e\000n\000t\000e\000\040\000p\000a\000r\000a\000\040\000a\000l\000t\000a\000\040\000f\000r\000e\000c\000u\000e\000n\000c\000i\000a}{section.10.2}% 58
\BOOKMARK [0][-]{chapter.11}{\376\377\000T\000\351\000c\000n\000i\000c\000a\000s\000\040\000d\000e\000\040\000a\000n\000\341\000l\000i\000s\000i\000s\000\040\000d\000e\000\040\000c\000i\000r\000c\000u\000i\000t\000o\000s\000\040\000s\000i\000m\000p\000l\000e\000\040\000s\000i\000n\000t\000o\000n\000i\000z\000a\000d\000o\000.}{}% 59
\BOOKMARK [1][-]{section.11.1}{\376\377\000G\000a\000n\000a\000n\000c\000i\000a\000\040\000d\000e\000\040\000t\000e\000n\000s\000i\000\363\000n\000\040\000d\000e\000\040\000u\000n\000a\000\040\000e\000t\000a\000p\000a\000\040\000s\000i\000m\000p\000l\000e\000\040\000s\000i\000n\000t\000o\000n\000i\000z\000a\000d\000a}{chapter.11}% 60
\BOOKMARK [1][-]{section.11.2}{\376\377\000M\000o\000d\000u\000l\000o\000\040\000y\000\040\000f\000a\000s\000e\000\040\000d\000e\000\040\000l\000a\000\040\000t\000r\000a\000n\000s\000f\000e\000r\000e\000n\000c\000i\000a\000\040\000d\000e\000\040\000t\000e\000n\000s\000i\000\363\000n}{chapter.11}% 61
\BOOKMARK [2][-]{subsection.11.2.1}{\376\377\000N\000o\000r\000m\000a\000l\000i\000z\000a\000c\000i\000\363\000n\000\040\000d\000e\000\040\000l\000a\000\040\000t\000r\000a\000s\000f\000e\000r\000e\000n\000c\000i\000a}{section.11.2}% 62
\BOOKMARK [2][-]{subsection.11.2.2}{\376\377\000S\000i\000m\000e\000t\000r\000\355\000a}{section.11.2}% 63
\BOOKMARK [1][-]{section.11.3}{\376\377\000E\000j\000e\000m\000p\000l\000o\000\040\0001}{chapter.11}% 64
\BOOKMARK [1][-]{section.11.4}{\376\377\000D\000i\000a\000g\000r\000a\000m\000a\000\040\000d\000e\000\040\000p\000o\000l\000o\000s\000\040\000y\000\040\000c\000e\000r\000o\000s\000\040\000d\000e\000\040\000u\000n\000\040\000s\000i\000m\000p\000l\000e\000\040\000s\000i\000n\000t\000o\000n\000i\000z\000a\000d\000o}{chapter.11}% 65
\BOOKMARK [1][-]{section.11.5}{\376\377\000A\000n\000c\000h\000o\000\040\000d\000e\000\040\000b\000a\000n\000d\000a}{chapter.11}% 66
\BOOKMARK [1][-]{section.11.6}{\376\377\000A\000p\000r\000o\000x\000i\000m\000a\000c\000i\000\363\000n\000\040\000d\000e\000\040\000b\000a\000n\000d\000a\000\040\000a\000n\000g\000o\000s\000t\000a}{chapter.11}% 67
\BOOKMARK [1][-]{section.11.7}{\376\377\000E\000j\000e\000m\000p\000l\000o\000\040\0002}{chapter.11}% 68
\BOOKMARK [1][-]{section.11.8}{\376\377\000P\000r\000o\000d\000u\000c\000t\000o\000\040\000g\000a\000n\000a\000n\000c\000i\000a\000\040\000p\000o\000r\000\040\000a\000n\000c\000h\000o\000\040\000d\000e\000\040\000b\000a\000n\000d\000a}{chapter.11}% 69
\BOOKMARK [1][-]{section.11.9}{\376\377\000A\000m\000p\000l\000i\000f\000i\000c\000a\000d\000o\000r\000\040\000m\000u\000l\000t\000i\000e\000t\000a\000p\000a\000\040\000s\000i\000n\000c\000r\000\363\000n\000i\000c\000o}{chapter.11}% 70
\BOOKMARK [1][-]{section.11.10}{\376\377\000E\000j\000e\000m\000p\000l\000o\000\040\0003}{chapter.11}% 71
\BOOKMARK [1][-]{section.11.11}{\376\377\000E\000j\000e\000m\000p\000l\000o\000\040\0004\000,\000\040\000S\000i\000m\000p\000l\000e\000\040\000S\000i\000n\000t\000o\000n\000i\000z\000a\000d\000o}{chapter.11}% 72
\BOOKMARK [1][-]{section.11.12}{\376\377\000G\000a\000n\000a\000c\000i\000a\000\040\000d\000e\000\040\000p\000o\000t\000e\000n\000c\000i\000a}{chapter.11}% 73
\BOOKMARK [1][-]{section.11.13}{\376\377\000G\000m\000a\000x}{chapter.11}% 74
